<?xml version="1.0" encoding="UTF-8"?>
<testng-results ignored="0" total="1" passed="1" failed="0" skipped="0">
  <reporter-output>
  </reporter-output>
  <suite started-at="2022-02-01T12:18:20 IST" name="Default suite" finished-at="2022-02-01T12:18:33 IST" duration-ms="13231">
    <groups>
    </groups>
    <test started-at="2022-02-01T12:18:20 IST" name="Default test" finished-at="2022-02-01T12:18:33 IST" duration-ms="13231">
      <class name="com.PowerTerm.PowerTerm_Report">
        <test-method is-config="true" signature="SetUp()[pri:0, instance:com.PowerTerm.PowerTerm_Report@5562c41e]" started-at="2022-02-01T12:18:20 IST" name="SetUp" finished-at="2022-02-01T12:18:20 IST" duration-ms="126" status="PASS">
          <reporter-output>
          </reporter-output>
        </test-method> <!-- SetUp -->
        <test-method is-config="true" signature="LaunchApp()[pri:0, instance:com.PowerTerm.PowerTerm_Report@5562c41e]" started-at="2022-02-01T12:18:20 IST" name="LaunchApp" finished-at="2022-02-01T12:18:22 IST" duration-ms="1751" status="PASS">
          <reporter-output>
          </reporter-output>
        </test-method> <!-- LaunchApp -->
        <test-method signature="Launch()[pri:0, instance:com.PowerTerm.PowerTerm_Report@5562c41e]" started-at="2022-02-01T12:18:22 IST" name="Launch" finished-at="2022-02-01T12:18:32 IST" duration-ms="10625" status="PASS">
          <reporter-output>
          </reporter-output>
        </test-method> <!-- Launch -->
        <test-method is-config="true" signature="Report()[pri:0, instance:com.PowerTerm.PowerTerm_Report@5562c41e]" started-at="2022-02-01T12:18:32 IST" name="Report" finished-at="2022-02-01T12:18:33 IST" duration-ms="533" status="PASS">
          <reporter-output>
          </reporter-output>
        </test-method> <!-- Report -->
        <test-method is-config="true" signature="TearDown()[pri:0, instance:com.PowerTerm.PowerTerm_Report@5562c41e]" started-at="2022-02-01T12:18:33 IST" name="TearDown" finished-at="2022-02-01T12:18:33 IST" duration-ms="173" status="PASS">
          <reporter-output>
          </reporter-output>
        </test-method> <!-- TearDown -->
      </class> <!-- com.PowerTerm.PowerTerm_Report -->
    </test> <!-- Default test -->
  </suite> <!-- Default suite -->
</testng-results>
